<?xml version="1.0" encoding="UTF-8"?>
<!-- Generated by org.testng.reporters.JUnitXMLReporter -->
<testsuite ignored="1" hostname="DESKTOP-40P37EV" failures="3" tests="3" name="Test-Runner-1" time="0.059" errors="0" timestamp="2022-01-27T14:59:33 IST">
  <testcase classname="com.crm.modules.Test.ContactModule_Test" name="OrgTest" time="0.014">
    <failure type="java.lang.NullPointerException" message="Cannot invoke &amp;quot;org.openqa.selenium.WebDriver.findElement(org.openqa.selenium.By)&amp;quot; because &amp;quot;this.driver&amp;quot; is null">
      <![CDATA[java.lang.NullPointerException: Cannot invoke "org.openqa.selenium.WebDriver.findElement(org.openqa.selenium.By)" because "this.driver" is null
at com.crm.modules.Test.ContactModule_Test.OrgTest(ContactModule_Test.java:40)
at java.base/java.util.ArrayList.forEach(ArrayList.java:1511)
... Removed 27 stack frames]]>
    </failure>
  </testcase> <!-- OrgTest -->
  <testcase classname="com.crm.modules.Test.ContactModule_Test" name="OrgWithIndTest" time="0.001">
    <failure type="java.lang.NullPointerException" message="Cannot invoke &amp;quot;org.openqa.selenium.WebDriver.findElement(org.openqa.selenium.By)&amp;quot; because &amp;quot;this.driver&amp;quot; is null">
      <![CDATA[java.lang.NullPointerException: Cannot invoke "org.openqa.selenium.WebDriver.findElement(org.openqa.selenium.By)" because "this.driver" is null
at com.crm.modules.Test.ContactModule_Test.OrgWithIndTest(ContactModule_Test.java:75)
at java.base/java.util.ArrayList.forEach(ArrayList.java:1511)
... Removed 27 stack frames]]>
    </failure>
  </testcase> <!-- OrgWithIndTest -->
  <testcase classname="com.crm.modules.Test.OrgModules_Test" name="OrgTest" time="0.0">
    <failure type="java.lang.NullPointerException" message="Cannot invoke &amp;quot;org.openqa.selenium.WebDriver.findElement(org.openqa.selenium.By)&amp;quot; because &amp;quot;this.driver&amp;quot; is null">
      <![CDATA[java.lang.NullPointerException: Cannot invoke "org.openqa.selenium.WebDriver.findElement(org.openqa.selenium.By)" because "this.driver" is null
at com.crm.modules.Test.OrgModules_Test.OrgTest(OrgModules_Test.java:60)
at java.base/java.util.ArrayList.forEach(ArrayList.java:1511)
... Removed 27 stack frames]]>
    </failure>
  </testcase> <!-- OrgTest -->
  <testcase classname="com.crm.modules.Test.OrgModules_Test" name="OrgWithInd" time="0.0">
    <ignored/>
  </testcase> <!-- OrgWithInd -->
</testsuite> <!-- Test-Runner-1 -->
